[14:42:01] MEsercito::addOne();
[14:42:01] \$numeroTruppe = 0
[14:42:01] Aggiungo la truppa all'esercito dell'utente admin
[14:42:01] tu hai 
[14:42:01] capienza massima 200
[14:42:01] tu hai 
[14:42:01] capienza massima 200
[14:42:01] Coda di costruzione aggiornata
[14:42:01] tu hai 
[14:42:01] capienza massima 200
[14:42:01] tu hai 
[14:42:01] capienza massima 200
[14:42:01] tu hai 
[14:42:01] capienza massima 200
[14:42:01] tu hai 
[14:42:01] capienza massima 200
[14:42:01] tu hai 
[14:42:01] capienza massima 200
[14:42:01] tu hai 
[14:42:01] capienza massima 200
[14:42:01] tu hai 
[14:42:01] capienza massima 200
[14:42:01] tu hai 
[14:42:01] capienza massima 200
[14:42:01] tu hai 
[14:42:01] capienza massima 200
[14:42:01] tu hai 
[14:42:01] capienza massima 200
[14:42:01] tu hai 
[14:42:01] capienza massima 200
[14:42:01] tu hai 
[14:42:01] capienza massima 200
[14:42:01] tu hai 
[14:42:01] capienza massima 200
[14:42:01] tu hai 
[14:42:01] capienza massima 200
[14:42:01] tu hai 
[14:42:01] capienza massima 200
[14:42:01] tu hai 
[14:42:01] capienza massima 200
[14:42:01] tu hai 
[14:42:01] capienza massima 200
[14:42:01] tu hai 
[14:42:01] capienza massima 200
[14:42:01] tu hai 
[14:42:01] capienza massima 200
[14:42:01] tu hai 
[14:42:01] capienza massima 200
[14:42:01] tu hai 
[14:42:01] capienza massima 200
[14:42:01] tu hai 
[14:42:01] capienza massima 200
[14:42:01] tu hai 
[14:42:01] capienza massima 200
[14:42:01] tu hai 
[14:42:01] capienza massima 200
[14:42:01] tu hai 
[14:42:01] capienza massima 200
[14:42:01] tu hai 
[14:42:01] capienza massima 200
[14:42:01] tu hai 
[14:42:01] capienza massima 200
[14:42:01] tu hai 
[14:42:01] capienza massima 200
[14:42:01] tu hai 
[14:42:01] capienza massima 200
[14:42:01] tu hai 
[14:42:01] capienza massima 200
[14:42:01] tu hai 
[14:42:01] Risorse aggiornate correttamente
[14:42:01] capienza massima 200
[14:42:01] tu hai 
[14:42:01] capienza massima 200
[14:42:01] tu hai 
[14:42:01] capienza massima 200
[14:42:01] tu hai 
[14:42:01] capienza massima 200
[14:42:01] tu hai 
[14:42:01] capienza massima 200
[14:42:01] tu hai 
[14:42:01] capienza massima 200
[14:42:01] tu hai 
[14:42:01] capienza massima 200
[14:42:01] tu hai 
[14:42:01] capienza massima 200
[14:42:01] tu hai 
[14:42:01] capienza massima 200
[14:42:01] tu hai 
[14:42:01] capienza massima 200
[14:42:01] tu hai 
[14:42:01] capienza massima 200
[14:42:01] tu hai 
[14:42:01] capienza massima 200
[14:42:01] tu hai 
[14:42:01] capienza massima 200
[14:42:01] tu hai 
[14:42:01] capienza massima 200
[14:42:01] tu hai 
[14:42:01] capienza massima 200
[14:42:01] tu hai 
[14:42:01] capienza massima 200
[14:42:01] tu hai 
[14:42:01] capienza massima 200
[14:42:01] tu hai 
[14:42:01] capienza massima 200
[14:42:01] tu hai 
[14:42:01] capienza massima 200
[14:42:01] tu hai 
[14:42:01] capienza massima 200
[14:42:01] tu hai 
[14:42:01] capienza massima 200
[14:42:01] tu hai 
[14:42:01] capienza massima 200
[14:42:01] tu hai 
[14:42:01] capienza massima 200
[14:42:01] tu hai 
[14:42:01] capienza massima 200
[14:42:01] tu hai 
[14:42:01] capienza massima 200
[14:42:01] tu hai 
[14:42:01] capienza massima 200
[14:42:01] tu hai 
[14:42:01] capienza massima 200
[14:42:01] tu hai 
[14:42:01] capienza massima 200
[14:42:01] tu hai 
[14:42:01] capienza massima 200
[14:42:01] tu hai 
[14:42:01] capienza massima 200
[14:42:01] tu hai 
[14:42:01] capienza massima 200
[14:42:01] tu hai 
[14:42:01] capienza massima 200
[14:42:01] tu hai 
[14:42:01] capienza massima 200
[14:42:01] tu hai 
[14:42:01] capienza massima 200
[14:42:01] tu hai 
[14:42:01] capienza massima 200
[14:42:01] tu hai 
[14:42:01] capienza massima 200
[14:42:01] Limite dei magazzini e dei granai rispettato
[14:43:01] MEsercito::addOne();
[14:43:01] \$numeroTruppe = 0
[14:43:01] Aggiungo la truppa all'esercito dell'utente admin
[14:43:01] Coda di costruzione aggiornata
[14:43:01] tu hai 
[14:43:01] capienza massima 200
[14:43:01] tu hai 
[14:43:01] capienza massima 200
[14:43:01] tu hai 
[14:43:01] capienza massima 200
[14:43:01] tu hai 
[14:43:01] capienza massima 200
[14:43:01] tu hai 
[14:43:01] capienza massima 200
[14:43:01] tu hai 
[14:43:01] capienza massima 200
[14:43:01] tu hai 
[14:43:01] capienza massima 200
[14:43:01] tu hai 
[14:43:01] capienza massima 200
[14:43:01] tu hai 
[14:43:01] capienza massima 200
[14:43:01] Risorse aggiornate correttamente
[14:43:01] tu hai 
[14:43:01] capienza massima 200
[14:43:01] tu hai 
[14:43:01] capienza massima 200
[14:43:01] tu hai 
[14:43:01] capienza massima 200
[14:43:01] tu hai 
[14:43:01] capienza massima 200
[14:43:01] tu hai 
[14:43:01] capienza massima 200
[14:43:01] tu hai 
[14:43:01] capienza massima 200
[14:43:01] tu hai 
[14:43:01] capienza massima 200
[14:43:01] tu hai 
[14:43:01] capienza massima 200
[14:43:01] tu hai 
[14:43:01] capienza massima 200
[14:43:01] tu hai 
[14:43:01] capienza massima 200
[14:43:01] tu hai 
[14:43:01] capienza massima 200
[14:43:01] tu hai 
[14:43:01] capienza massima 200
[14:43:01] tu hai 
[14:43:01] capienza massima 200
[14:43:01] tu hai 
[14:43:01] capienza massima 200
[14:43:01] tu hai 
[14:43:01] capienza massima 200
[14:43:01] tu hai 
[14:43:01] capienza massima 200
[14:43:01] tu hai 
[14:43:01] capienza massima 200
[14:43:01] tu hai 
[14:43:01] capienza massima 200
[14:43:01] tu hai 
[14:43:01] capienza massima 200
[14:43:01] tu hai 
[14:43:01] capienza massima 200
[14:43:01] tu hai 
[14:43:01] capienza massima 200
[14:43:01] tu hai 
[14:43:01] capienza massima 200
[14:43:01] tu hai 
[14:43:01] capienza massima 200
[14:43:01] tu hai 
[14:43:01] capienza massima 200
[14:43:01] tu hai 
[14:43:01] capienza massima 200
[14:43:01] tu hai 
[14:43:01] capienza massima 200
[14:43:01] tu hai 
[14:43:01] capienza massima 200
[14:43:01] tu hai 
[14:43:01] capienza massima 200
[14:43:01] tu hai 
[14:43:01] capienza massima 200
[14:43:01] tu hai 
[14:43:01] capienza massima 200
[14:43:01] tu hai 
[14:43:01] capienza massima 200
[14:43:01] tu hai 
[14:43:01] capienza massima 200
[14:43:01] tu hai 
[14:43:01] capienza massima 200
[14:43:01] tu hai 
[14:43:01] capienza massima 200
[14:43:01] tu hai 
[14:43:01] capienza massima 200
[14:43:01] tu hai 
[14:43:01] capienza massima 200
[14:43:01] tu hai 
[14:43:01] capienza massima 200
[14:43:01] tu hai 
[14:43:01] capienza massima 200
[14:43:01] tu hai 
[14:43:01] capienza massima 200
[14:43:01] tu hai 
[14:43:01] capienza massima 200
[14:43:01] tu hai 
[14:43:01] capienza massima 200
[14:43:01] tu hai 
[14:43:01] capienza massima 200
[14:43:01] tu hai 
[14:43:01] capienza massima 200
[14:43:01] tu hai 
[14:43:01] capienza massima 200
[14:43:01] tu hai 
[14:43:01] capienza massima 200
[14:43:01] tu hai 
[14:43:01] capienza massima 200
[14:43:01] tu hai 
[14:43:01] capienza massima 200
[14:43:01] tu hai 
[14:43:01] capienza massima 200
[14:43:01] tu hai 
[14:43:01] capienza massima 200
[14:43:01] tu hai 
[14:43:01] capienza massima 200
[14:43:01] tu hai 
[14:43:01] capienza massima 200
[14:43:01] tu hai 
[14:43:01] capienza massima 200
[14:43:01] tu hai 
[14:43:01] capienza massima 200
[14:43:01] tu hai 
[14:43:01] capienza massima 200
[14:43:01] tu hai 
[14:43:01] capienza massima 200
[14:43:01] tu hai 
[14:43:01] capienza massima 200
[14:43:01] tu hai 
[14:43:01] capienza massima 200
[14:43:01] tu hai 
[14:43:01] capienza massima 200
[14:43:01] tu hai 
[14:43:01] capienza massima 200
[14:43:01] Limite dei magazzini e dei granai rispettato
[14:44:01] Coda di costruzione aggiornata
[14:44:01] MEsercito::addOne();
[14:44:01] tu hai 
[14:44:01] capienza massima 200
[14:44:01] tu hai 
[14:44:01] \$numeroTruppe = 0
[14:44:01] capienza massima 200
[14:44:01] tu hai 
[14:44:01] capienza massima 200
[14:44:01] Aggiungo la truppa all'esercito dell'utente admin
[14:44:01] tu hai 
[14:44:01] capienza massima 200
[14:44:01] tu hai 
[14:44:01] capienza massima 200
[14:44:01] tu hai 
[14:44:01] capienza massima 200
[14:44:01] tu hai 
[14:44:01] capienza massima 200
[14:44:01] tu hai 
[14:44:01] capienza massima 200
[14:44:01] tu hai 
[14:44:01] capienza massima 200
[14:44:01] tu hai 
[14:44:01] capienza massima 200
[14:44:01] tu hai 
[14:44:01] capienza massima 200
[14:44:01] tu hai 
[14:44:01] capienza massima 200
[14:44:01] tu hai 
[14:44:01] capienza massima 200
[14:44:01] tu hai 
[14:44:01] capienza massima 200
[14:44:01] tu hai 
[14:44:01] capienza massima 200
[14:44:01] tu hai 
[14:44:01] capienza massima 200
[14:44:01] tu hai 
[14:44:01] capienza massima 200
[14:44:01] tu hai 
[14:44:01] capienza massima 200
[14:44:01] tu hai 
[14:44:01] capienza massima 200
[14:44:01] tu hai 
[14:44:01] capienza massima 200
[14:44:01] tu hai 
[14:44:01] capienza massima 200
[14:44:01] tu hai 
[14:44:01] capienza massima 200
[14:44:01] tu hai 
[14:44:01] capienza massima 200
[14:44:01] tu hai 
[14:44:01] capienza massima 200
[14:44:01] tu hai 
[14:44:01] capienza massima 200
[14:44:01] tu hai 
[14:44:01] capienza massima 200
[14:44:01] tu hai 
[14:44:01] capienza massima 200
[14:44:01] tu hai 
[14:44:01] capienza massima 200
[14:44:01] tu hai 
[14:44:01] capienza massima 200
[14:44:01] tu hai 
[14:44:01] capienza massima 200
[14:44:01] tu hai 
[14:44:01] capienza massima 200
[14:44:01] tu hai 
[14:44:01] capienza massima 200
[14:44:01] tu hai 
[14:44:01] capienza massima 200
[14:44:01] tu hai 
[14:44:01] capienza massima 200
[14:44:01] tu hai 
[14:44:01] capienza massima 200
[14:44:01] tu hai 
[14:44:01] capienza massima 200
[14:44:01] tu hai 
[14:44:01] capienza massima 200
[14:44:01] tu hai 
[14:44:01] capienza massima 200
[14:44:01] tu hai 
[14:44:01] capienza massima 200
[14:44:01] Risorse aggiornate correttamente
[14:44:01] tu hai 
[14:44:01] capienza massima 200
[14:44:01] tu hai 
[14:44:01] capienza massima 200
[14:44:01] tu hai 
[14:44:01] capienza massima 200
[14:44:01] tu hai 
[14:44:01] capienza massima 200
[14:44:01] tu hai 
[14:44:01] capienza massima 200
[14:44:01] tu hai 
[14:44:01] capienza massima 200
[14:44:01] tu hai 
[14:44:01] capienza massima 200
[14:44:01] tu hai 
[14:44:01] capienza massima 200
[14:44:01] tu hai 
[14:44:01] capienza massima 200
[14:44:01] tu hai 
[14:44:01] capienza massima 200
[14:44:01] tu hai 
[14:44:01] capienza massima 200
[14:44:01] tu hai 
[14:44:01] capienza massima 200
[14:44:01] tu hai 
[14:44:01] capienza massima 200
[14:44:01] tu hai 
[14:44:01] capienza massima 200
[14:44:01] tu hai 
[14:44:01] capienza massima 200
[14:44:01] tu hai 
[14:44:01] capienza massima 200
[14:44:01] tu hai 
[14:44:01] capienza massima 200
[14:44:01] tu hai 
[14:44:01] capienza massima 200
[14:44:01] tu hai 
[14:44:01] capienza massima 200
[14:44:01] tu hai 
[14:44:01] capienza massima 200
[14:44:01] tu hai 
[14:44:01] capienza massima 200
[14:44:01] tu hai 
[14:44:01] capienza massima 200
[14:44:01] tu hai 
[14:44:01] capienza massima 200
[14:44:01] tu hai 
[14:44:01] capienza massima 200
[14:44:01] tu hai 
[14:44:01] capienza massima 200
[14:44:01] tu hai 
[14:44:01] capienza massima 200
[14:44:01] tu hai 
[14:44:01] capienza massima 200
[14:44:01] tu hai 
[14:44:01] capienza massima 200
[14:44:01] tu hai 
[14:44:01] capienza massima 200
[14:44:01] Limite dei magazzini e dei granai rispettato
[14:45:01] MEsercito::addOne();
[14:45:01] \$numeroTruppe = 0
[14:45:01] Aggiungo la truppa all'esercito dell'utente admin
[14:45:01] Coda di costruzione aggiornata
[14:45:02] Risorse aggiornate correttamente
[14:45:02] Limite dei magazzini e dei granai rispettato
[14:46:01] MEsercito::addOne();
[14:46:01] \$numeroTruppe = 0
[14:46:01] Aggiungo la truppa all'esercito dell'utente admin
[14:46:01] Coda di costruzione aggiornata
[14:46:01] Risorse aggiornate correttamente
[14:46:01] Limite dei magazzini e dei granai rispettato
[14:47:01] Coda di costruzione aggiornata
[14:47:01] MEsercito::addOne();
[14:47:01] \$numeroTruppe = 0
[14:47:01] Aggiungo la truppa all'esercito dell'utente admin
[14:47:01] Risorse aggiornate correttamente
[14:47:01] Limite dei magazzini e dei granai rispettato
[14:48:01] MEsercito::addOne();
[14:48:01] \$numeroTruppe = 0
[14:48:01] Aggiungo la truppa all'esercito dell'utente admin
[14:48:01] Coda di costruzione aggiornata
[14:48:01] Risorse aggiornate correttamente
[14:48:01] Limite dei magazzini e dei granai rispettato
[14:49:01] Coda di costruzione aggiornata
[14:49:01] MEsercito::addOne();
[14:49:01] \$numeroTruppe = 0
[14:49:01] Aggiungo la truppa all'esercito dell'utente admin
[14:49:01] Risorse aggiornate correttamente
[14:49:01] Limite dei magazzini e dei granai rispettato
[14:50:01] MEsercito::addOne();
[14:50:01] \$numeroTruppe = 0
[14:50:01] Aggiungo la truppa all'esercito dell'utente admin
[14:50:01] string
[14:50:01] Coda di costruzione aggiornata
[14:50:01] Risorse aggiornate correttamente
[14:50:01] Limite dei magazzini e dei granai rispettato
[14:51:01] MEsercito::addOne();
[14:51:01] \$numeroTruppe = 0
[14:51:01] Aggiungo la truppa all'esercito dell'utente admin
[14:51:01] Coda di costruzione aggiornata
[14:51:01] Risorse aggiornate correttamente
[14:51:01] Limite dei magazzini e dei granai rispettato
[14:52:01] string
[14:52:01] Coda di costruzione aggiornata
[14:52:01] MEsercito::addOne();
[14:52:01] \$numeroTruppe = 0
[14:52:01] Aggiungo la truppa all'esercito dell'utente admin
[14:52:01] Risorse aggiornate correttamente
[14:52:01] Limite dei magazzini e dei granai rispettato
[14:53:01] MEsercito::addOne();
[14:53:01] \$numeroTruppe = 0
[14:53:01] Aggiungo la truppa all'esercito dell'utente admin
[14:53:01] string
[14:53:01] Coda di costruzione aggiornata
[14:53:01] Risorse aggiornate correttamente
[14:53:01] Limite dei magazzini e dei granai rispettato
[14:54:01] Coda di costruzione aggiornata
[14:54:01] MEsercito::addOne();
[14:54:01] \$numeroTruppe = 0
[14:54:01] Aggiungo la truppa all'esercito dell'utente admin
[14:54:01] Risorse aggiornate correttamente
[14:54:01] Limite dei magazzini e dei granai rispettato
[14:55:01] MEsercito::addOne();
[14:55:01] \$numeroTruppe = 0
[14:55:01] Aggiungo la truppa all'esercito dell'utente admin
[14:55:01] string
[14:55:01] Coda di costruzione aggiornata
[14:55:01] Risorse aggiornate correttamente
[14:55:01] Limite dei magazzini e dei granai rispettato
[14:56:02] Coda di costruzione aggiornata
[14:56:02] MEsercito::addOne();
[14:56:02] \$numeroTruppe = 0
[14:56:02] Aggiungo la truppa all'esercito dell'utente admin
[14:56:02] Risorse aggiornate correttamente
[14:56:02] Limite dei magazzini e dei granai rispettato
[14:57:01] MEsercito::addOne();
[14:57:01] \$numeroTruppe = 0
[14:57:01] Coda di costruzione aggiornata
[14:57:01] Aggiungo la truppa all'esercito dell'utente admin
[14:57:01] Risorse aggiornate correttamente
[14:57:01] Limite dei magazzini e dei granai rispettato
[14:58:01] MEsercito::addOne();
[14:58:01] \$numeroTruppe = 0
[14:58:01] Aggiungo la truppa all'esercito dell'utente admin
[14:58:01] Coda di costruzione aggiornata
[14:58:01] Risorse aggiornate correttamente
[14:58:01] Limite dei magazzini e dei granai rispettato
[14:59:01] MEsercito::addOne();
[14:59:01] \$numeroTruppe = 0
[14:59:01] Aggiungo la truppa all'esercito dell'utente admin
[14:59:01] Coda di costruzione aggiornata
[14:59:01] Risorse aggiornate correttamente
[14:59:01] Limite dei magazzini e dei granai rispettato
[15:00:01] Coda di costruzione aggiornata
[15:00:01] MEsercito::addOne();
[15:00:01] \$numeroTruppe = 0
[15:00:01] Aggiungo la truppa all'esercito dell'utente admin
[15:00:02] Risorse aggiornate correttamente
[15:00:02] Limite dei magazzini e dei granai rispettato
[15:01:01] MEsercito::addOne();
[15:01:01] \$numeroTruppe = 0
[15:01:01] Aggiungo la truppa all'esercito dell'utente admin
[15:01:01] Coda di costruzione aggiornata
[15:01:01] Risorse aggiornate correttamente
[15:01:01] Limite dei magazzini e dei granai rispettato
[15:02:01] Coda di costruzione aggiornata
[15:02:01] MEsercito::addOne();
[15:02:01] \$numeroTruppe = 0
[15:02:01] Aggiungo la truppa all'esercito dell'utente admin
[15:02:01] Risorse aggiornate correttamente
[15:02:01] Limite dei magazzini e dei granai rispettato
[15:03:01] MEsercito::addOne();
[15:03:01] \$numeroTruppe = 0
[15:03:01] Aggiungo la truppa all'esercito dell'utente admin
[15:03:01] Coda di costruzione aggiornata
[15:03:01] Risorse aggiornate correttamente
[15:03:02] Limite dei magazzini e dei granai rispettato
[15:04:01] MEsercito::addOne();
[15:04:01] \$numeroTruppe = 0
[15:04:01] Coda di costruzione aggiornata
[15:04:01] Aggiungo la truppa all'esercito dell'utente admin
[15:04:01] Risorse aggiornate correttamente
[15:04:01] Limite dei magazzini e dei granai rispettato
[15:05:01] Coda di costruzione aggiornata
[15:05:01] MEsercito::addOne();
[15:05:01] \$numeroTruppe = 0
[15:05:01] Aggiungo la truppa all'esercito dell'utente admin
[15:05:01] Risorse aggiornate correttamente
[15:05:01] Limite dei magazzini e dei granai rispettato
[15:06:01] MEsercito::addOne();
[15:06:01] \$numeroTruppe = 0
[15:06:01] Aggiungo la truppa all'esercito dell'utente admin
[15:06:01] Coda di costruzione aggiornata
[15:06:01] Risorse aggiornate correttamente
[15:06:01] Limite dei magazzini e dei granai rispettato
[15:07:01] Coda di costruzione aggiornata
[15:07:01] MEsercito::addOne();
[15:07:01] \$numeroTruppe = 0
[15:07:01] Aggiungo la truppa all'esercito dell'utente admin
[15:07:01] Risorse aggiornate correttamente
[15:07:01] Limite dei magazzini e dei granai rispettato
[15:08:01] MEsercito::addOne();
[15:08:01] \$numeroTruppe = 0
[15:08:01] Aggiungo la truppa all'esercito dell'utente admin
[15:08:01] Coda di costruzione aggiornata
[15:08:02] Risorse aggiornate correttamente
[15:08:02] Limite dei magazzini e dei granai rispettato
[15:09:01] Coda di costruzione aggiornata
[15:09:01] MEsercito::addOne();
[15:09:01] \$numeroTruppe = 0
[15:09:01] Aggiungo la truppa all'esercito dell'utente admin
[15:09:01] Risorse aggiornate correttamente
[15:09:01] Limite dei magazzini e dei granai rispettato
[15:10:01] Coda di costruzione aggiornata
[15:10:01] MEsercito::addOne();
[15:10:01] \$numeroTruppe = 0
[15:10:01] Aggiungo la truppa all'esercito dell'utente admin
[15:10:01] Risorse aggiornate correttamente
[15:10:01] Limite dei magazzini e dei granai rispettato
[15:11:02] string
[15:11:02] Coda di costruzione aggiornata
[15:11:02] MEsercito::addOne();
[15:11:02] \$numeroTruppe = 0
[15:11:02] Aggiungo la truppa all'esercito dell'utente admin
[15:11:02] Risorse aggiornate correttamente
[15:11:02] Limite dei magazzini e dei granai rispettato
[15:12:01] MEsercito::addOne();
[15:12:01] string
[15:12:01] \$numeroTruppe = 0
[15:12:01] Aggiungo la truppa all'esercito dell'utente admin
[15:12:01] Coda di costruzione aggiornata
[15:12:01] Risorse aggiornate correttamente
[15:12:01] Limite dei magazzini e dei granai rispettato
[15:13:01] MEsercito::addOne();
[15:13:01] string
[15:13:01] \$numeroTruppe = 0
[15:13:01] Coda di costruzione aggiornata
[15:13:01] Aggiungo la truppa all'esercito dell'utente admin
[15:13:01] Risorse aggiornate correttamente
[15:13:01] Limite dei magazzini e dei granai rispettato
[15:14:01] MEsercito::addOne();
[15:14:01] \$numeroTruppe = 0
[15:14:01] string
[15:14:01] Aggiungo la truppa all'esercito dell'utente admin
[15:14:01] Coda di costruzione aggiornata
[15:14:01] Risorse aggiornate correttamente
[15:14:01] Limite dei magazzini e dei granai rispettato
[15:15:01] Coda di costruzione aggiornata
[15:15:01] MEsercito::addOne();
[15:15:01] \$numeroTruppe = 0
[15:15:01] Aggiungo la truppa all'esercito dell'utente admin
[15:15:02] Risorse aggiornate correttamente
[15:15:02] Limite dei magazzini e dei granai rispettato
[15:16:01] string
[15:16:01] Coda di costruzione aggiornata
[15:16:01] MEsercito::addOne();
[15:16:01] \$numeroTruppe = 0
[15:16:01] Aggiungo la truppa all'esercito dell'utente admin
[15:16:01] Risorse aggiornate correttamente
[15:16:01] Limite dei magazzini e dei granai rispettato
[15:17:01] Coda di costruzione aggiornata
[15:17:01] MEsercito::addOne();
[15:17:01] \$numeroTruppe = 0
[15:17:01] Aggiungo la truppa all'esercito dell'utente admin
[15:17:02] Risorse aggiornate correttamente
[15:17:02] Limite dei magazzini e dei granai rispettato
[15:18:01] MEsercito::addOne();
[15:18:01] string
[15:18:01] \$numeroTruppe = 0
[15:18:01] Aggiungo la truppa all'esercito dell'utente admin
[15:18:01] Coda di costruzione aggiornata
[15:18:01] Risorse aggiornate correttamente
[15:18:01] Limite dei magazzini e dei granai rispettato
[15:19:01] MEsercito::addOne();
[15:19:01] \$numeroTruppe = 0
[15:19:01] Aggiungo la truppa all'esercito dell'utente admin
[15:19:01] Coda di costruzione aggiornata
[15:19:01] Risorse aggiornate correttamente
[15:19:01] Limite dei magazzini e dei granai rispettato
[15:20:01] MEsercito::addOne();
[15:20:01] \$numeroTruppe = 0
[15:20:01] Aggiungo la truppa all'esercito dell'utente admin
[15:20:01] Coda di costruzione aggiornata
[15:20:01] Risorse aggiornate correttamente
[15:20:01] Limite dei magazzini e dei granai rispettato
[15:21:01] Coda di costruzione aggiornata
[15:21:01] MEsercito::addOne();
[15:21:01] \$numeroTruppe = 0
[15:21:01] Aggiungo la truppa all'esercito dell'utente admin
[15:21:01] Risorse aggiornate correttamente
[15:21:01] Limite dei magazzini e dei granai rispettato
[15:22:01] MEsercito::addOne();
[15:22:01] \$numeroTruppe = 0
[15:22:01] Aggiungo la truppa all'esercito dell'utente admin
[15:22:01] Coda di costruzione aggiornata
[15:22:01] Risorse aggiornate correttamente
[15:22:01] Limite dei magazzini e dei granai rispettato
[15:23:01] Coda di costruzione aggiornata
[15:23:01] MEsercito::addOne();
[15:23:01] \$numeroTruppe = 0
[15:23:01] Aggiungo la truppa all'esercito dell'utente admin
[15:23:01] Risorse aggiornate correttamente
[15:23:01] Limite dei magazzini e dei granai rispettato
[15:24:01] Coda di costruzione aggiornata
[15:24:01] MEsercito::addOne();
[15:24:01] \$numeroTruppe = 0
[15:24:01] Aggiungo la truppa all'esercito dell'utente admin
[15:24:01] Risorse aggiornate correttamente
[15:24:01] Limite dei magazzini e dei granai rispettato
[15:25:02] Coda di costruzione aggiornata
[15:25:02] MEsercito::addOne();
[15:25:02] \$numeroTruppe = 0
[15:25:02] Aggiungo la truppa all'esercito dell'utente admin
[15:25:02] Risorse aggiornate correttamente
[15:25:02] Limite dei magazzini e dei granai rispettato
[15:26:01] string
[15:26:01] MEsercito::addOne();
[15:26:01] Coda di costruzione aggiornata
[15:26:01] \$numeroTruppe = 0
[15:26:01] Aggiungo la truppa all'esercito dell'utente admin
[15:26:01] Risorse aggiornate correttamente
[15:26:02] Limite dei magazzini e dei granai rispettato
[15:27:01] MEsercito::addOne();
[15:27:01] \$numeroTruppe = 0
[15:27:01] Aggiungo la truppa all'esercito dell'utente admin
[15:27:01] Coda di costruzione aggiornata
[15:27:01] Risorse aggiornate correttamente
[15:27:01] Limite dei magazzini e dei granai rispettato
[15:28:01] MEsercito::addOne();
[15:28:01] \$numeroTruppe = 0
[15:28:01] Aggiungo la truppa all'esercito dell'utente admin
[15:28:01] Coda di costruzione aggiornata
[15:28:01] Risorse aggiornate correttamente
[15:28:01] Limite dei magazzini e dei granai rispettato
[15:29:01] MEsercito::addOne();
[15:29:01] \$numeroTruppe = 0
[15:29:01] Coda di costruzione aggiornata
[15:29:01] Aggiungo la truppa all'esercito dell'utente admin
[15:29:01] Risorse aggiornate correttamente
[15:29:01] Limite dei magazzini e dei granai rispettato
[15:30:01] Coda di costruzione aggiornata
[15:30:02] MEsercito::addOne();
[15:30:02] \$numeroTruppe = 0
[15:30:02] Aggiungo la truppa all'esercito dell'utente admin
[15:30:02] Risorse aggiornate correttamente
[15:30:02] Limite dei magazzini e dei granai rispettato
[15:31:01] MEsercito::addOne();
[15:31:01] \$numeroTruppe = 0
[15:31:01] Aggiungo la truppa all'esercito dell'utente admin
[15:31:01] Coda di costruzione aggiornata
[15:31:01] Risorse aggiornate correttamente
[15:31:01] Limite dei magazzini e dei granai rispettato
[15:32:01] Coda di costruzione aggiornata
[15:32:01] MEsercito::addOne();
[15:32:01] \$numeroTruppe = 0
[15:32:01] Aggiungo la truppa all'esercito dell'utente admin
[15:32:01] Risorse aggiornate correttamente
[15:32:01] Limite dei magazzini e dei granai rispettato
[15:33:01] MEsercito::addOne();
[15:33:01] \$numeroTruppe = 0
[15:33:01] Aggiungo la truppa all'esercito dell'utente admin
[15:33:01] Coda di costruzione aggiornata
[15:33:01] Risorse aggiornate correttamente
[15:33:01] Limite dei magazzini e dei granai rispettato
[15:34:01] Coda di costruzione aggiornata
[15:34:01] MEsercito::addOne();
[15:34:01] \$numeroTruppe = 0
[15:34:01] Aggiungo la truppa all'esercito dell'utente admin
[15:34:01] Risorse aggiornate correttamente
[15:34:02] Limite dei magazzini e dei granai rispettato
[15:35:01] Coda di costruzione aggiornata
[15:35:01] MEsercito::addOne();
[15:35:01] \$numeroTruppe = 0
[15:35:01] Aggiungo la truppa all'esercito dell'utente admin
[15:35:01] Risorse aggiornate correttamente
[15:35:01] Limite dei magazzini e dei granai rispettato
[15:36:01] MEsercito::addOne();
[15:36:01] \$numeroTruppe = 0
[15:36:01] Aggiungo la truppa all'esercito dell'utente admin
[15:36:01] Coda di costruzione aggiornata
[15:36:01] Risorse aggiornate correttamente
[15:36:01] Limite dei magazzini e dei granai rispettato
[15:37:01] Coda di costruzione aggiornata
[15:37:01] MEsercito::addOne();
[15:37:01] \$numeroTruppe = 0
[15:37:01] Aggiungo la truppa all'esercito dell'utente admin
[15:37:01] Risorse aggiornate correttamente
[15:37:01] Limite dei magazzini e dei granai rispettato
[15:38:01] Coda di costruzione aggiornata
[15:38:01] MEsercito::addOne();
[15:38:01] \$numeroTruppe = 0
[15:38:01] Aggiungo la truppa all'esercito dell'utente admin
[15:38:01] Risorse aggiornate correttamente
[15:38:01] Limite dei magazzini e dei granai rispettato
[15:39:01] Coda di costruzione aggiornata
[15:39:01] MEsercito::addOne();
[15:39:01] \$numeroTruppe = 0
[15:39:01] Aggiungo la truppa all'esercito dell'utente admin
[15:39:01] Risorse aggiornate correttamente
[15:39:01] Limite dei magazzini e dei granai rispettato
[15:40:01] Coda di costruzione aggiornata
[15:40:01] MEsercito::addOne();
[15:40:01] \$numeroTruppe = 0
[15:40:01] Aggiungo la truppa all'esercito dell'utente admin
[15:40:01] Risorse aggiornate correttamente
[15:40:01] Limite dei magazzini e dei granai rispettato
[15:41:01] MEsercito::addOne();
[15:41:01] \$numeroTruppe = 0
[15:41:01] Aggiungo la truppa all'esercito dell'utente admin
[15:41:01] Coda di costruzione aggiornata
[15:41:01] Risorse aggiornate correttamente
[15:41:01] Limite dei magazzini e dei granai rispettato
[15:42:01] MEsercito::addOne();
[15:42:01] Coda di costruzione aggiornata
[15:42:01] \$numeroTruppe = 0
[15:42:01] Aggiungo la truppa all'esercito dell'utente admin
[15:42:01] Risorse aggiornate correttamente
[15:42:01] Limite dei magazzini e dei granai rispettato
[15:43:01] Coda di costruzione aggiornata
[15:43:01] MEsercito::addOne();
[15:43:01] \$numeroTruppe = 0
[15:43:01] Aggiungo la truppa all'esercito dell'utente admin
[15:43:01] Risorse aggiornate correttamente
[15:43:01] Limite dei magazzini e dei granai rispettato
[15:44:01] Coda di costruzione aggiornata
[15:44:01] MEsercito::addOne();
[15:44:01] \$numeroTruppe = 0
[15:44:01] Aggiungo la truppa all'esercito dell'utente admin
[15:44:01] Risorse aggiornate correttamente
[15:44:01] Limite dei magazzini e dei granai rispettato
[15:45:02] MEsercito::addOne();
[15:45:02] \$numeroTruppe = 0
[15:45:02] Aggiungo la truppa all'esercito dell'utente admin
[15:45:02] Coda di costruzione aggiornata
[15:45:02] Risorse aggiornate correttamente
[15:45:02] Limite dei magazzini e dei granai rispettato
[15:46:01] Coda di costruzione aggiornata
[15:46:01] MEsercito::addOne();
[15:46:01] \$numeroTruppe = 0
[15:46:01] Aggiungo la truppa all'esercito dell'utente admin
[15:46:01] Risorse aggiornate correttamente
[15:46:01] Limite dei magazzini e dei granai rispettato
[15:47:01] Coda di costruzione aggiornata
[15:47:01] MEsercito::addOne();
[15:47:01] \$numeroTruppe = 0
[15:47:01] Aggiungo la truppa all'esercito dell'utente admin
[15:47:01] Risorse aggiornate correttamente
[15:47:01] Limite dei magazzini e dei granai rispettato
[15:48:01] Coda di costruzione aggiornata
[15:48:01] MEsercito::addOne();
[15:48:01] \$numeroTruppe = 0
[15:48:01] Aggiungo la truppa all'esercito dell'utente admin
[15:48:01] Risorse aggiornate correttamente
[15:48:01] Limite dei magazzini e dei granai rispettato
[15:49:01] MEsercito::addOne();
[15:49:01] \$numeroTruppe = 0
[15:49:01] Aggiungo la truppa all'esercito dell'utente admin
[15:49:01] Coda di costruzione aggiornata
[15:49:01] Risorse aggiornate correttamente
[15:49:01] Limite dei magazzini e dei granai rispettato
[15:50:01] Coda di costruzione aggiornata
[15:50:01] MEsercito::addOne();
[15:50:01] \$numeroTruppe = 0
[15:50:01] Aggiungo la truppa all'esercito dell'utente admin
[15:50:01] Risorse aggiornate correttamente
[15:50:01] Limite dei magazzini e dei granai rispettato
[15:51:01] Coda di costruzione aggiornata
[15:51:01] MEsercito::addOne();
[15:51:01] \$numeroTruppe = 0
[15:51:01] Aggiungo la truppa all'esercito dell'utente admin
[15:51:01] Risorse aggiornate correttamente
[15:51:02] Limite dei magazzini e dei granai rispettato
[15:52:01] MEsercito::addOne();
[15:52:01] \$numeroTruppe = 0
[15:52:01] Aggiungo la truppa all'esercito dell'utente admin
[15:52:01] Coda di costruzione aggiornata
[15:52:01] Risorse aggiornate correttamente
[15:52:01] Limite dei magazzini e dei granai rispettato
[15:53:01] Coda di costruzione aggiornata
[15:53:01] MEsercito::addOne();
[15:53:01] \$numeroTruppe = 0
[15:53:01] Aggiungo la truppa all'esercito dell'utente admin
[15:53:01] Risorse aggiornate correttamente
[15:53:01] Limite dei magazzini e dei granai rispettato
[15:54:01] MEsercito::addOne();
[15:54:01] Coda di costruzione aggiornata
[15:54:01] \$numeroTruppe = 0
[15:54:01] Aggiungo la truppa all'esercito dell'utente admin
[15:54:01] Risorse aggiornate correttamente
[15:54:01] Limite dei magazzini e dei granai rispettato
[15:55:01] Coda di costruzione aggiornata
[15:55:01] MEsercito::addOne();
[15:55:01] \$numeroTruppe = 0
[15:55:01] Aggiungo la truppa all'esercito dell'utente admin
[15:55:01] Risorse aggiornate correttamente
[15:55:01] Limite dei magazzini e dei granai rispettato
[15:56:01] Coda di costruzione aggiornata
[15:56:01] MEsercito::addOne();
[15:56:01] \$numeroTruppe = 0
[15:56:01] Aggiungo la truppa all'esercito dell'utente admin
[15:56:01] Risorse aggiornate correttamente
[15:56:01] Limite dei magazzini e dei granai rispettato
[15:57:01] Coda di costruzione aggiornata
[15:57:01] MEsercito::addOne();
[15:57:01] \$numeroTruppe = 0
[15:57:01] Aggiungo la truppa all'esercito dell'utente admin
[15:57:01] Risorse aggiornate correttamente
[15:57:02] Limite dei magazzini e dei granai rispettato
[15:58:01] MEsercito::addOne();
[15:58:01] Coda di costruzione aggiornata
[15:58:01] \$numeroTruppe = 0
[15:58:01] Aggiungo la truppa all'esercito dell'utente admin
[15:58:01] Risorse aggiornate correttamente
[15:58:01] Limite dei magazzini e dei granai rispettato
[15:59:01] Coda di costruzione aggiornata
[15:59:01] MEsercito::addOne();
[15:59:01] \$numeroTruppe = 0
[15:59:01] Aggiungo la truppa all'esercito dell'utente admin
[15:59:01] Risorse aggiornate correttamente
[15:59:01] Limite dei magazzini e dei granai rispettato
[16:00:01] MEsercito::addOne();
[16:00:01] \$numeroTruppe = 0
[16:00:01] Aggiungo la truppa all'esercito dell'utente admin
[16:00:01] Coda di costruzione aggiornata
[16:00:01] Risorse aggiornate correttamente
[16:00:02] Limite dei magazzini e dei granai rispettato
[16:01:01] Coda di costruzione aggiornata
[16:01:01] MEsercito::addOne();
[16:01:01] \$numeroTruppe = 0
[16:01:01] Aggiungo la truppa all'esercito dell'utente admin
[16:01:01] Risorse aggiornate correttamente
[16:01:01] Limite dei magazzini e dei granai rispettato
[16:02:01] MEsercito::addOne();
[16:02:01] \$numeroTruppe = 0
[16:02:01] Aggiungo la truppa all'esercito dell'utente admin
[16:02:01] Coda di costruzione aggiornata
[16:02:01] Risorse aggiornate correttamente
[16:02:01] Limite dei magazzini e dei granai rispettato
[16:03:02] Coda di costruzione aggiornata
[16:03:02] MEsercito::addOne();
[16:03:02] \$numeroTruppe = 0
[16:03:02] Aggiungo la truppa all'esercito dell'utente admin
[16:03:02] Risorse aggiornate correttamente
[16:03:02] Limite dei magazzini e dei granai rispettato
[16:04:01] Coda di costruzione aggiornata
[16:04:01] MEsercito::addOne();
[16:04:01] \$numeroTruppe = 0
[16:04:01] Aggiungo la truppa all'esercito dell'utente admin
[16:04:01] Risorse aggiornate correttamente
[16:04:01] Limite dei magazzini e dei granai rispettato
[16:05:01] Coda di costruzione aggiornata
[16:05:01] MEsercito::addOne();
[16:05:01] \$numeroTruppe = 0
[16:05:01] Aggiungo la truppa all'esercito dell'utente admin
[16:05:01] Risorse aggiornate correttamente
[16:05:01] Limite dei magazzini e dei granai rispettato
[16:06:01] MEsercito::addOne();
[16:06:01] \$numeroTruppe = 0
[16:06:01] Coda di costruzione aggiornata
[16:06:01] Aggiungo la truppa all'esercito dell'utente admin
[16:06:01] Risorse aggiornate correttamente
[16:06:01] Limite dei magazzini e dei granai rispettato
[16:07:01] Coda di costruzione aggiornata
[16:07:01] MEsercito::addOne();
[16:07:01] \$numeroTruppe = 0
[16:07:01] Aggiungo la truppa all'esercito dell'utente admin
[16:07:01] Risorse aggiornate correttamente
[16:07:01] Limite dei magazzini e dei granai rispettato
[16:08:01] MEsercito::addOne();
[16:08:01] Coda di costruzione aggiornata
[16:08:01] \$numeroTruppe = 0
[16:08:01] Aggiungo la truppa all'esercito dell'utente admin
[16:08:01] Risorse aggiornate correttamente
[16:08:01] Limite dei magazzini e dei granai rispettato
[16:09:01] MEsercito::addOne();
[16:09:01] \$numeroTruppe = 0
[16:09:01] Aggiungo la truppa all'esercito dell'utente admin
[16:09:01] Coda di costruzione aggiornata
[16:09:01] Risorse aggiornate correttamente
[16:09:01] Limite dei magazzini e dei granai rispettato
[16:10:01] Coda di costruzione aggiornata
[16:10:01] MEsercito::addOne();
[16:10:01] \$numeroTruppe = 0
[16:10:01] Aggiungo la truppa all'esercito dell'utente admin
[16:10:01] Risorse aggiornate correttamente
[16:10:01] Limite dei magazzini e dei granai rispettato
[16:11:01] MEsercito::addOne();
[16:11:01] Coda di costruzione aggiornata
[16:11:01] \$numeroTruppe = 0
[16:11:01] Aggiungo la truppa all'esercito dell'utente admin
[16:11:01] Risorse aggiornate correttamente
[16:11:01] Limite dei magazzini e dei granai rispettato
[16:12:01] Coda di costruzione aggiornata
[16:12:01] MEsercito::addOne();
[16:12:01] \$numeroTruppe = 0
[16:12:01] Aggiungo la truppa all'esercito dell'utente admin
[16:12:02] Risorse aggiornate correttamente
[16:12:02] Limite dei magazzini e dei granai rispettato
[16:13:01] MEsercito::addOne();
[16:13:01] \$numeroTruppe = 0
[16:13:01] Aggiungo la truppa all'esercito dell'utente admin
[16:13:01] Coda di costruzione aggiornata
[16:13:01] Risorse aggiornate correttamente
[16:13:01] Limite dei magazzini e dei granai rispettato
[16:14:01] Coda di costruzione aggiornata
[16:14:01] MEsercito::addOne();
[16:14:01] \$numeroTruppe = 0
[16:14:01] Aggiungo la truppa all'esercito dell'utente admin
[16:14:01] Risorse aggiornate correttamente
[16:14:01] Limite dei magazzini e dei granai rispettato
[16:15:01] MEsercito::addOne();
[16:15:01] \$numeroTruppe = 0
[16:15:01] Aggiungo la truppa all'esercito dell'utente admin
[16:15:01] Coda di costruzione aggiornata
[16:15:01] Risorse aggiornate correttamente
[16:15:01] Limite dei magazzini e dei granai rispettato
[16:16:01] Coda di costruzione aggiornata
[16:16:01] MEsercito::addOne();
[16:16:01] \$numeroTruppe = 0
[16:16:01] Aggiungo la truppa all'esercito dell'utente admin
[16:16:01] Risorse aggiornate correttamente
[16:16:01] Limite dei magazzini e dei granai rispettato
[16:17:01] MEsercito::addOne();
[16:17:01] \$numeroTruppe = 0
[16:17:01] Aggiungo la truppa all'esercito dell'utente admin
[16:17:01] Coda di costruzione aggiornata
[16:17:01] Risorse aggiornate correttamente
[16:17:01] Limite dei magazzini e dei granai rispettato
[16:18:01] Limite dei magazzini e dei granai rispettato
[16:18:01] Coda di costruzione aggiornata
[16:18:01] MEsercito::addOne();
[16:18:01] \$numeroTruppe = 0
[16:18:01] Aggiungo la truppa all'esercito dell'utente admin
[16:18:01] Risorse aggiornate correttamente
[16:19:01] Coda di costruzione aggiornata
[16:19:01] MEsercito::addOne();
[16:19:01] \$numeroTruppe = 0
[16:19:01] Aggiungo la truppa all'esercito dell'utente admin
[16:19:01] Risorse aggiornate correttamente
[16:19:01] Limite dei magazzini e dei granai rispettato
[16:20:01] Coda di costruzione aggiornata
[16:20:02] MEsercito::addOne();
[16:20:02] \$numeroTruppe = 0
[16:20:02] Aggiungo la truppa all'esercito dell'utente admin
[16:20:02] Risorse aggiornate correttamente
[16:20:02] Limite dei magazzini e dei granai rispettato
[16:21:01] Coda di costruzione aggiornata
[16:21:01] MEsercito::addOne();
[16:21:01] \$numeroTruppe = 0
[16:21:01] Aggiungo la truppa all'esercito dell'utente admin
[16:21:01] Risorse aggiornate correttamente
[16:21:01] Limite dei magazzini e dei granai rispettato
[16:22:01] MEsercito::addOne();
[16:22:01] Coda di costruzione aggiornata
[16:22:01] \$numeroTruppe = 0
[16:22:01] Aggiungo la truppa all'esercito dell'utente admin
[16:22:01] Risorse aggiornate correttamente
[16:22:01] Limite dei magazzini e dei granai rispettato
[16:23:02] Coda di costruzione aggiornata
[16:23:02] MEsercito::addOne();
[16:23:02] \$numeroTruppe = 0
[16:23:02] Aggiungo la truppa all'esercito dell'utente admin
[16:23:02] Risorse aggiornate correttamente
[16:23:02] Limite dei magazzini e dei granai rispettato
[16:24:01] MEsercito::addOne();
[16:24:01] \$numeroTruppe = 0
[16:24:01] Coda di costruzione aggiornata
[16:24:01] Aggiungo la truppa all'esercito dell'utente admin
[16:24:01] Risorse aggiornate correttamente
[16:24:01] Limite dei magazzini e dei granai rispettato
[16:25:01] MEsercito::addOne();
[16:25:01] \$numeroTruppe = 0
[16:25:01] Aggiungo la truppa all'esercito dell'utente admin
[16:25:01] Coda di costruzione aggiornata
[16:25:01] Risorse aggiornate correttamente
[16:25:01] Limite dei magazzini e dei granai rispettato
[16:26:01] MEsercito::addOne();
[16:26:01] Coda di costruzione aggiornata
[16:26:01] \$numeroTruppe = 0
[16:26:01] Aggiungo la truppa all'esercito dell'utente admin
[16:26:01] Risorse aggiornate correttamente
[16:26:01] Limite dei magazzini e dei granai rispettato
[16:27:01] Coda di costruzione aggiornata
[16:27:01] MEsercito::addOne();
[16:27:01] \$numeroTruppe = 0
[16:27:01] Aggiungo la truppa all'esercito dell'utente admin
[16:27:01] Risorse aggiornate correttamente
[16:27:01] Limite dei magazzini e dei granai rispettato
[16:28:01] MEsercito::addOne();
[16:28:01] \$numeroTruppe = 0
[16:28:01] Aggiungo la truppa all'esercito dell'utente admin
[16:28:01] Coda di costruzione aggiornata
[16:28:01] Risorse aggiornate correttamente
[16:28:01] Limite dei magazzini e dei granai rispettato
[16:29:01] Coda di costruzione aggiornata
[16:29:01] MEsercito::addOne();
[16:29:01] \$numeroTruppe = 0
[16:29:01] Aggiungo la truppa all'esercito dell'utente admin
[16:29:01] Risorse aggiornate correttamente
[16:29:01] Limite dei magazzini e dei granai rispettato
[16:30:01] MEsercito::addOne();
[16:30:01] \$numeroTruppe = 0
[16:30:01] Aggiungo la truppa all'esercito dell'utente admin
[16:30:01] Coda di costruzione aggiornata
[16:30:01] Risorse aggiornate correttamente
[16:30:01] Limite dei magazzini e dei granai rispettato
[16:31:01] MEsercito::addOne();
[16:31:01] \$numeroTruppe = 0
[16:31:01] Aggiungo la truppa all'esercito dell'utente admin
[16:31:01] Coda di costruzione aggiornata
[16:31:01] Risorse aggiornate correttamente
[16:31:01] Limite dei magazzini e dei granai rispettato
[16:32:01] string
[16:32:01] Coda di costruzione aggiornata
[16:32:01] MEsercito::addOne();
[16:32:01] \$numeroTruppe = 0
[16:32:01] Aggiungo la truppa all'esercito dell'utente admin
[16:32:01] Risorse aggiornate correttamente
[16:32:01] Limite dei magazzini e dei granai rispettato
[16:33:01] MEsercito::addOne();
[16:33:01] string
[16:33:01] \$numeroTruppe = 0
[16:33:01] Coda di costruzione aggiornata
[16:33:01] Aggiungo la truppa all'esercito dell'utente admin
[16:33:01] Risorse aggiornate correttamente
[16:33:01] Limite dei magazzini e dei granai rispettato
[16:34:01] Coda di costruzione aggiornata
[16:34:01] MEsercito::addOne();
[16:34:01] \$numeroTruppe = 0
[16:34:01] Aggiungo la truppa all'esercito dell'utente admin
[16:34:01] Risorse aggiornate correttamente
[16:34:01] Limite dei magazzini e dei granai rispettato
[16:35:01] Coda di costruzione aggiornata
[16:35:01] MEsercito::addOne();
[16:35:01] \$numeroTruppe = 0
[16:35:01] Aggiungo la truppa all'esercito dell'utente admin
[16:35:01] Risorse aggiornate correttamente
[16:35:02] Limite dei magazzini e dei granai rispettato
[16:36:01] MEsercito::addOne();
[16:36:01] \$numeroTruppe = 0
[16:36:01] Aggiungo la truppa all'esercito dell'utente admin
[16:36:01] string
[16:36:01] Coda di costruzione aggiornata
[16:36:01] Risorse aggiornate correttamente
[16:36:01] Limite dei magazzini e dei granai rispettato
[16:37:01] Coda di costruzione aggiornata
[16:37:01] MEsercito::addOne();
[16:37:01] \$numeroTruppe = 0
[16:37:01] Aggiungo la truppa all'esercito dell'utente admin
[16:37:01] Risorse aggiornate correttamente
[16:37:01] Limite dei magazzini e dei granai rispettato
[16:38:01] MEsercito::addOne();
[16:38:01] \$numeroTruppe = 0
[16:38:01] Aggiungo la truppa all'esercito dell'utente admin
[16:38:01] Coda di costruzione aggiornata
[16:38:01] Risorse aggiornate correttamente
[16:38:01] Limite dei magazzini e dei granai rispettato
[16:39:01] Coda di costruzione aggiornata
[16:39:01] MEsercito::addOne();
[16:39:01] \$numeroTruppe = 0
[16:39:01] Aggiungo la truppa all'esercito dell'utente admin
[16:39:01] Risorse aggiornate correttamente
[16:39:01] Limite dei magazzini e dei granai rispettato
[16:40:01] MEsercito::addOne();
[16:40:01] \$numeroTruppe = 0
[16:40:01] Coda di costruzione aggiornata
[16:40:01] Aggiungo la truppa all'esercito dell'utente admin
[16:40:01] Risorse aggiornate correttamente
[16:40:01] Limite dei magazzini e dei granai rispettato
[16:41:01] MEsercito::addOne();
[16:41:01] \$numeroTruppe = 0
[16:41:01] Aggiungo la truppa all'esercito dell'utente admin
[16:41:01] string
[16:41:01] Coda di costruzione aggiornata
[16:41:01] Risorse aggiornate correttamente
[16:41:01] Limite dei magazzini e dei granai rispettato
[16:42:01] Coda di costruzione aggiornata
[16:42:01] MEsercito::addOne();
[16:42:01] \$numeroTruppe = 0
[16:42:01] Aggiungo la truppa all'esercito dell'utente admin
[16:42:01] Risorse aggiornate correttamente
[16:42:01] Limite dei magazzini e dei granai rispettato
[16:43:01] MEsercito::addOne();
[16:43:01] \$numeroTruppe = 0
[16:43:01] Aggiungo la truppa all'esercito dell'utente admin
[16:43:01] string
[16:43:01] Coda di costruzione aggiornata
[16:43:01] Risorse aggiornate correttamente
[16:43:02] Limite dei magazzini e dei granai rispettato
[16:44:01] string
[16:44:01] Coda di costruzione aggiornata
[16:44:01] MEsercito::addOne();
[16:44:01] \$numeroTruppe = 0
[16:44:01] Aggiungo la truppa all'esercito dell'utente admin
[16:44:01] Risorse aggiornate correttamente
[16:44:01] Limite dei magazzini e dei granai rispettato
[16:45:01] MEsercito::addOne();
[16:45:01] \$numeroTruppe = 0
[16:45:01] Risorse aggiornate correttamente
[16:45:01] Coda di costruzione aggiornata
[16:45:01] Aggiungo la truppa all'esercito dell'utente admin
[16:45:01] Limite dei magazzini e dei granai rispettato
[16:46:01] Coda di costruzione aggiornata
[16:46:01] MEsercito::addOne();
[16:46:01] \$numeroTruppe = 0
[16:46:01] Aggiungo la truppa all'esercito dell'utente admin
[16:46:01] Risorse aggiornate correttamente
[16:46:02] Limite dei magazzini e dei granai rispettato
[16:47:01] Coda di costruzione aggiornata
[16:47:01] MEsercito::addOne();
[16:47:01] \$numeroTruppe = 0
[16:47:01] Aggiungo la truppa all'esercito dell'utente admin
[16:47:01] Risorse aggiornate correttamente
[16:47:01] Limite dei magazzini e dei granai rispettato
[16:48:01] Coda di costruzione aggiornata
[16:48:01] MEsercito::addOne();
[16:48:01] \$numeroTruppe = 0
[16:48:01] Aggiungo la truppa all'esercito dell'utente admin
[16:48:01] Risorse aggiornate correttamente
[16:48:01] Limite dei magazzini e dei granai rispettato
[16:49:01] MEsercito::addOne();
[16:49:01] \$numeroTruppe = 0
[16:49:01] Coda di costruzione aggiornata
[16:49:01] Aggiungo la truppa all'esercito dell'utente admin
[16:49:01] Risorse aggiornate correttamente
[16:49:01] Limite dei magazzini e dei granai rispettato
[16:50:01] Coda di costruzione aggiornata
[16:50:01] MEsercito::addOne();
[16:50:01] \$numeroTruppe = 0
[16:50:01] Aggiungo la truppa all'esercito dell'utente admin
[16:50:01] Risorse aggiornate correttamente
[16:50:01] Limite dei magazzini e dei granai rispettato
[16:51:01] Coda di costruzione aggiornata
[16:51:01] MEsercito::addOne();
[16:51:01] \$numeroTruppe = 0
[16:51:01] Aggiungo la truppa all'esercito dell'utente admin
[16:51:01] Risorse aggiornate correttamente
[16:51:01] Limite dei magazzini e dei granai rispettato
[16:52:01] Coda di costruzione aggiornata
[16:52:01] MEsercito::addOne();
[16:52:01] \$numeroTruppe = 0
[16:52:01] Aggiungo la truppa all'esercito dell'utente admin
[16:52:01] Risorse aggiornate correttamente
[16:52:01] Limite dei magazzini e dei granai rispettato
[16:53:01] MEsercito::addOne();
[16:53:01] \$numeroTruppe = 0
[16:53:01] Aggiungo la truppa all'esercito dell'utente admin
[16:53:01] Coda di costruzione aggiornata
[16:53:01] Risorse aggiornate correttamente
[16:53:01] Limite dei magazzini e dei granai rispettato
[16:54:01] MEsercito::addOne();
[16:54:01] \$numeroTruppe = 0
[16:54:01] Coda di costruzione aggiornata
[16:54:01] Aggiungo la truppa all'esercito dell'utente admin
[16:54:01] Risorse aggiornate correttamente
[16:54:01] Limite dei magazzini e dei granai rispettato
[16:55:02] MEsercito::addOne();
[16:55:02] \$numeroTruppe = 0
[16:55:02] Aggiungo la truppa all'esercito dell'utente admin
[16:55:02] Coda di costruzione aggiornata
[16:55:02] Risorse aggiornate correttamente
[16:55:02] Limite dei magazzini e dei granai rispettato
[16:56:01] MEsercito::addOne();
[16:56:01] Coda di costruzione aggiornata
[16:56:01] \$numeroTruppe = 0
[16:56:01] Aggiungo la truppa all'esercito dell'utente admin
[16:56:01] Risorse aggiornate correttamente
[16:56:01] Limite dei magazzini e dei granai rispettato
[16:57:01] MEsercito::addOne();
[16:57:01] Coda di costruzione aggiornata
[16:57:01] \$numeroTruppe = 0
[16:57:01] Aggiungo la truppa all'esercito dell'utente admin
[16:57:01] Risorse aggiornate correttamente
[16:57:01] Limite dei magazzini e dei granai rispettato
[16:58:01] MEsercito::addOne();
[16:58:01] \$numeroTruppe = 0
[16:58:01] Aggiungo la truppa all'esercito dell'utente admin
[16:58:01] Coda di costruzione aggiornata
[16:58:01] Risorse aggiornate correttamente
[16:58:01] Limite dei magazzini e dei granai rispettato
[16:59:01] MEsercito::addOne();
[16:59:01] \$numeroTruppe = 0
[16:59:01] Aggiungo la truppa all'esercito dell'utente admin
[16:59:01] Coda di costruzione aggiornata
[16:59:01] Risorse aggiornate correttamente
[16:59:02] Limite dei magazzini e dei granai rispettato
[17:00:01] MEsercito::addOne();
[17:00:01] \$numeroTruppe = 0
[17:00:01] Aggiungo la truppa all'esercito dell'utente admin
[17:00:01] Coda di costruzione aggiornata
[17:00:01] Risorse aggiornate correttamente
[17:00:01] Limite dei magazzini e dei granai rispettato
[17:01:01] Coda di costruzione aggiornata
[17:01:01] MEsercito::addOne();
[17:01:01] \$numeroTruppe = 0
[17:01:01] Aggiungo la truppa all'esercito dell'utente admin
[17:01:01] Risorse aggiornate correttamente
[17:01:01] Limite dei magazzini e dei granai rispettato
[17:02:01] MEsercito::addOne();
[17:02:01] \$numeroTruppe = 0
[17:02:01] Aggiungo la truppa all'esercito dell'utente admin
[17:02:01] Coda di costruzione aggiornata
[17:02:02] Risorse aggiornate correttamente
[17:02:02] Limite dei magazzini e dei granai rispettato
[17:03:01] MEsercito::addOne();
[17:03:01] \$numeroTruppe = 0
[17:03:01] Aggiungo la truppa all'esercito dell'utente admin
[17:03:01] Coda di costruzione aggiornata
[17:03:01] Risorse aggiornate correttamente
[17:03:01] Limite dei magazzini e dei granai rispettato
[17:04:01] MEsercito::addOne();
[17:04:01] \$numeroTruppe = 0
[17:04:01] Aggiungo la truppa all'esercito dell'utente admin
[17:04:01] Coda di costruzione aggiornata
[17:04:01] Risorse aggiornate correttamente
[17:04:01] Limite dei magazzini e dei granai rispettato
[17:05:01] Coda di costruzione aggiornata
[17:05:01] MEsercito::addOne();
[17:05:01] \$numeroTruppe = 0
[17:05:01] Aggiungo la truppa all'esercito dell'utente admin
[17:05:01] Risorse aggiornate correttamente
[17:05:01] Limite dei magazzini e dei granai rispettato
[17:06:01] MEsercito::addOne();
[17:06:01] Coda di costruzione aggiornata
[17:06:01] \$numeroTruppe = 0
[17:06:01] Aggiungo la truppa all'esercito dell'utente admin
[17:06:01] Risorse aggiornate correttamente
[17:06:01] Limite dei magazzini e dei granai rispettato
[17:07:01] MEsercito::addOne();
[17:07:01] Coda di costruzione aggiornata
[17:07:01] \$numeroTruppe = 0
[17:07:01] Aggiungo la truppa all'esercito dell'utente admin
[17:07:01] Risorse aggiornate correttamente
[17:07:01] Limite dei magazzini e dei granai rispettato
[17:08:01] Coda di costruzione aggiornata
[17:08:01] MEsercito::addOne();
[17:08:01] \$numeroTruppe = 0
[17:08:01] Aggiungo la truppa all'esercito dell'utente admin
[17:08:01] Risorse aggiornate correttamente
[17:08:01] Limite dei magazzini e dei granai rispettato
[17:09:01] MEsercito::addOne();
[17:09:01] \$numeroTruppe = 0
[17:09:01] Aggiungo la truppa all'esercito dell'utente admin
[17:09:01] Coda di costruzione aggiornata
[17:09:01] Risorse aggiornate correttamente
[17:09:01] Limite dei magazzini e dei granai rispettato
[17:10:02] Coda di costruzione aggiornata
[17:10:02] MEsercito::addOne();
[17:10:02] \$numeroTruppe = 0
[17:10:02] Aggiungo la truppa all'esercito dell'utente admin
[17:10:02] Risorse aggiornate correttamente
[17:10:02] Limite dei magazzini e dei granai rispettato
[17:11:01] MEsercito::addOne();
[17:11:01] Coda di costruzione aggiornata
[17:11:01] \$numeroTruppe = 0
[17:11:01] Aggiungo la truppa all'esercito dell'utente admin
[17:11:01] Risorse aggiornate correttamente
[17:11:01] Limite dei magazzini e dei granai rispettato
[17:12:02] MEsercito::addOne();
[17:12:02] Coda di costruzione aggiornata
[17:12:02] \$numeroTruppe = 0
[17:12:02] Aggiungo la truppa all'esercito dell'utente admin
[17:12:02] Risorse aggiornate correttamente
[17:12:02] Limite dei magazzini e dei granai rispettato
[17:13:01] Coda di costruzione aggiornata
[17:13:01] MEsercito::addOne();
[17:13:01] \$numeroTruppe = 0
[17:13:01] Aggiungo la truppa all'esercito dell'utente admin
[17:13:01] Risorse aggiornate correttamente
[17:13:01] Limite dei magazzini e dei granai rispettato
[17:14:01] MEsercito::addOne();
[17:14:01] \$numeroTruppe = 0
[17:14:01] Aggiungo la truppa all'esercito dell'utente admin
[17:14:01] Coda di costruzione aggiornata
[17:14:01] Risorse aggiornate correttamente
[17:14:01] Limite dei magazzini e dei granai rispettato
[17:15:01] Coda di costruzione aggiornata
[17:15:01] MEsercito::addOne();
[17:15:01] \$numeroTruppe = 0
[17:15:01] Aggiungo la truppa all'esercito dell'utente admin
[17:15:01] Risorse aggiornate correttamente
[17:15:01] Limite dei magazzini e dei granai rispettato
[17:16:01] MEsercito::addOne();
[17:16:01] \$numeroTruppe = 0
[17:16:01] Aggiungo la truppa all'esercito dell'utente admin
[17:16:01] Coda di costruzione aggiornata
[17:16:01] Risorse aggiornate correttamente
[17:16:01] Limite dei magazzini e dei granai rispettato
[17:17:01] Coda di costruzione aggiornata
[17:17:01] MEsercito::addOne();
[17:17:01] \$numeroTruppe = 0
[17:17:01] Aggiungo la truppa all'esercito dell'utente admin
[17:17:01] Risorse aggiornate correttamente
[17:17:01] Limite dei magazzini e dei granai rispettato
[17:18:02] Coda di costruzione aggiornata
[17:18:02] MEsercito::addOne();
[17:18:02] \$numeroTruppe = 0
[17:18:02] Aggiungo la truppa all'esercito dell'utente admin
[17:18:02] Risorse aggiornate correttamente
[17:18:02] Limite dei magazzini e dei granai rispettato
[17:19:01] Coda di costruzione aggiornata
[17:19:01] MEsercito::addOne();
[17:19:01] \$numeroTruppe = 0
[17:19:01] Aggiungo la truppa all'esercito dell'utente admin
[17:19:01] Risorse aggiornate correttamente
[17:19:01] Limite dei magazzini e dei granai rispettato
[17:20:01] MEsercito::addOne();
[17:20:01] Coda di costruzione aggiornata
[17:20:01] \$numeroTruppe = 0
[17:20:01] Aggiungo la truppa all'esercito dell'utente admin
[17:20:01] Risorse aggiornate correttamente
[17:20:01] Limite dei magazzini e dei granai rispettato
[17:21:01] MEsercito::addOne();
[17:21:01] \$numeroTruppe = 0
[17:21:01] Aggiungo la truppa all'esercito dell'utente admin
[17:21:01] Coda di costruzione aggiornata
[17:21:01] Risorse aggiornate correttamente
[17:21:01] Limite dei magazzini e dei granai rispettato
[17:22:01] Coda di costruzione aggiornata
[17:22:01] MEsercito::addOne();
[17:22:01] \$numeroTruppe = 0
[17:22:01] Aggiungo la truppa all'esercito dell'utente admin
[17:22:01] Risorse aggiornate correttamente
[17:22:01] Limite dei magazzini e dei granai rispettato
[17:23:01] Risorse aggiornate correttamente
[17:23:01] Coda di costruzione aggiornata
[17:23:01] MEsercito::addOne();
[17:23:01] \$numeroTruppe = 0
[17:23:01] Aggiungo la truppa all'esercito dell'utente admin
[17:23:01] Limite dei magazzini e dei granai rispettato
[17:24:01] Coda di costruzione aggiornata
[17:24:01] MEsercito::addOne();
[17:24:01] \$numeroTruppe = 0
[17:24:01] Aggiungo la truppa all'esercito dell'utente admin
[17:24:01] Risorse aggiornate correttamente
[17:24:01] Limite dei magazzini e dei granai rispettato
[17:25:01] Coda di costruzione aggiornata
[17:25:01] MEsercito::addOne();
[17:25:01] \$numeroTruppe = 0
[17:25:01] Aggiungo la truppa all'esercito dell'utente admin
[17:25:01] Risorse aggiornate correttamente
[17:25:01] Limite dei magazzini e dei granai rispettato
[17:26:01] Coda di costruzione aggiornata
[17:26:01] MEsercito::addOne();
[17:26:01] \$numeroTruppe = 0
[17:26:01] Aggiungo la truppa all'esercito dell'utente admin
[17:26:01] Risorse aggiornate correttamente
[17:26:01] Limite dei magazzini e dei granai rispettato
[17:27:01] MEsercito::addOne();
[17:27:01] \$numeroTruppe = 0
[17:27:01] Coda di costruzione aggiornata
[17:27:01] Aggiungo la truppa all'esercito dell'utente admin
[17:27:01] Risorse aggiornate correttamente
[17:27:01] Limite dei magazzini e dei granai rispettato
[17:28:01] MEsercito::addOne();
[17:28:01] \$numeroTruppe = 0
[17:28:01] Aggiungo la truppa all'esercito dell'utente admin
[17:28:01] Coda di costruzione aggiornata
[17:28:01] Risorse aggiornate correttamente
[17:28:01] Limite dei magazzini e dei granai rispettato
[17:29:01] Coda di costruzione aggiornata
[17:29:01] MEsercito::addOne();
[17:29:01] \$numeroTruppe = 0
[17:29:01] Aggiungo la truppa all'esercito dell'utente admin
[17:29:01] Risorse aggiornate correttamente
[17:29:01] Limite dei magazzini e dei granai rispettato
[17:30:01] Coda di costruzione aggiornata
[17:30:01] MEsercito::addOne();
[17:30:01] \$numeroTruppe = 0
[17:30:01] Aggiungo la truppa all'esercito dell'utente admin
[17:30:01] Risorse aggiornate correttamente
[17:30:02] Limite dei magazzini e dei granai rispettato
[17:31:01] MEsercito::addOne();
[17:31:01] \$numeroTruppe = 0
[17:31:01] Coda di costruzione aggiornata
[17:31:01] Aggiungo la truppa all'esercito dell'utente admin
[17:31:01] Risorse aggiornate correttamente
[17:31:01] Limite dei magazzini e dei granai rispettato
[17:32:01] MEsercito::addOne();
[17:32:01] \$numeroTruppe = 0
[17:32:01] Aggiungo la truppa all'esercito dell'utente admin
[17:32:01] Coda di costruzione aggiornata
[17:32:01] Risorse aggiornate correttamente
[17:32:01] Limite dei magazzini e dei granai rispettato
[17:33:01] MEsercito::addOne();
[17:33:01] \$numeroTruppe = 0
[17:33:01] Aggiungo la truppa all'esercito dell'utente admin
[17:33:01] Coda di costruzione aggiornata
[17:33:01] Risorse aggiornate correttamente
[17:33:01] Limite dei magazzini e dei granai rispettato
[17:34:01] MEsercito::addOne();
[17:34:01] \$numeroTruppe = 0
[17:34:01] Aggiungo la truppa all'esercito dell'utente admin
[17:34:01] Coda di costruzione aggiornata
[17:34:02] Risorse aggiornate correttamente
[17:34:02] Limite dei magazzini e dei granai rispettato
[17:35:01] MEsercito::addOne();
[17:35:01] \$numeroTruppe = 0
[17:35:01] Aggiungo la truppa all'esercito dell'utente admin
[17:35:01] Coda di costruzione aggiornata
[17:35:01] Risorse aggiornate correttamente
[17:35:01] Limite dei magazzini e dei granai rispettato
[17:36:01] MEsercito::addOne();
[17:36:01] \$numeroTruppe = 0
[17:36:01] Aggiungo la truppa all'esercito dell'utente admin
[17:36:01] Coda di costruzione aggiornata
[17:36:02] Risorse aggiornate correttamente
[17:36:02] Limite dei magazzini e dei granai rispettato
[17:37:01] Coda di costruzione aggiornata
[17:37:01] MEsercito::addOne();
[17:37:01] \$numeroTruppe = 0
[17:37:01] Aggiungo la truppa all'esercito dell'utente admin
[17:37:01] Risorse aggiornate correttamente
[17:37:01] Limite dei magazzini e dei granai rispettato
[17:38:02] Coda di costruzione aggiornata
[17:38:02] MEsercito::addOne();
[17:38:02] \$numeroTruppe = 0
[17:38:02] Aggiungo la truppa all'esercito dell'utente admin
[17:38:02] Risorse aggiornate correttamente
[17:38:02] Limite dei magazzini e dei granai rispettato
[17:39:01] MEsercito::addOne();
[17:39:01] \$numeroTruppe = 0
[17:39:01] Aggiungo la truppa all'esercito dell'utente admin
[17:39:01] Coda di costruzione aggiornata
[17:39:01] Risorse aggiornate correttamente
[17:39:01] Limite dei magazzini e dei granai rispettato
[17:40:01] MEsercito::addOne();
[17:40:01] \$numeroTruppe = 0
[17:40:01] Aggiungo la truppa all'esercito dell'utente admin
[17:40:01] Coda di costruzione aggiornata
[17:40:01] Risorse aggiornate correttamente
[17:40:01] Limite dei magazzini e dei granai rispettato
[17:41:01] MEsercito::addOne();
[17:41:01] \$numeroTruppe = 0
[17:41:01] Coda di costruzione aggiornata
[17:41:01] Aggiungo la truppa all'esercito dell'utente admin
[17:41:01] Risorse aggiornate correttamente
[17:41:01] Limite dei magazzini e dei granai rispettato
[17:42:01] Coda di costruzione aggiornata
[17:42:01] MEsercito::addOne();
[17:42:01] \$numeroTruppe = 0
[17:42:01] Aggiungo la truppa all'esercito dell'utente admin
[17:42:01] Risorse aggiornate correttamente
[17:42:01] Limite dei magazzini e dei granai rispettato
[17:43:01] Coda di costruzione aggiornata
[17:43:01] MEsercito::addOne();
[17:43:01] \$numeroTruppe = 0
[17:43:01] Aggiungo la truppa all'esercito dell'utente admin
[17:43:02] Risorse aggiornate correttamente
[17:43:02] Limite dei magazzini e dei granai rispettato
[17:44:01] MEsercito::addOne();
[17:44:01] Coda di costruzione aggiornata
[17:44:01] \$numeroTruppe = 0
[17:44:01] Aggiungo la truppa all'esercito dell'utente admin
[17:44:01] Risorse aggiornate correttamente
[17:44:01] Limite dei magazzini e dei granai rispettato
[17:45:01] Coda di costruzione aggiornata
[17:45:01] MEsercito::addOne();
[17:45:01] \$numeroTruppe = 0
[17:45:01] Aggiungo la truppa all'esercito dell'utente admin
[17:45:01] Risorse aggiornate correttamente
[17:45:01] Limite dei magazzini e dei granai rispettato
[17:46:01] MEsercito::addOne();
[17:46:01] \$numeroTruppe = 0
[17:46:01] Aggiungo la truppa all'esercito dell'utente admin
[17:46:01] Coda di costruzione aggiornata
[17:46:01] Risorse aggiornate correttamente
[17:46:02] Limite dei magazzini e dei granai rispettato
[17:47:01] MEsercito::addOne();
[17:47:01] \$numeroTruppe = 0
[17:47:01] Aggiungo la truppa all'esercito dell'utente admin
[17:47:01] Coda di costruzione aggiornata
[17:47:01] Risorse aggiornate correttamente
[17:47:01] Limite dei magazzini e dei granai rispettato
[17:48:01] Coda di costruzione aggiornata
[17:48:01] MEsercito::addOne();
[17:48:01] \$numeroTruppe = 0
[17:48:01] Aggiungo la truppa all'esercito dell'utente admin
[17:48:01] Risorse aggiornate correttamente
[17:48:01] Limite dei magazzini e dei granai rispettato
[17:49:01] MEsercito::addOne();
[17:49:01] Coda di costruzione aggiornata
[17:49:01] \$numeroTruppe = 0
[17:49:01] Aggiungo la truppa all'esercito dell'utente admin
[17:49:01] Risorse aggiornate correttamente
[17:49:01] Limite dei magazzini e dei granai rispettato
[17:50:01] MEsercito::addOne();
[17:50:01] \$numeroTruppe = 0
[17:50:01] Aggiungo la truppa all'esercito dell'utente admin
[17:50:01] Coda di costruzione aggiornata
[17:50:01] Limite dei magazzini e dei granai rispettato
[17:50:01] Risorse aggiornate correttamente
[17:51:01] MEsercito::addOne();
[17:51:01] \$numeroTruppe = 0
[17:51:01] Coda di costruzione aggiornata
[17:51:01] Aggiungo la truppa all'esercito dell'utente admin
[17:51:01] Risorse aggiornate correttamente
[17:51:01] Limite dei magazzini e dei granai rispettato
[17:52:01] MEsercito::addOne();
[17:52:01] \$numeroTruppe = 0
[17:52:01] Aggiungo la truppa all'esercito dell'utente admin
[17:52:01] Coda di costruzione aggiornata
[17:52:01] Risorse aggiornate correttamente
[17:52:02] Limite dei magazzini e dei granai rispettato
[17:53:01] 3 => 2
[17:53:01] MEsercito::addOne();
[17:53:01] \$numeroTruppe = 0
[17:53:01] Aggiungo la truppa all'esercito dell'utente admin
[17:53:01] Coda di costruzione aggiornata
[17:53:01] Risorse aggiornate correttamente
[17:53:01] Limite dei magazzini e dei granai rispettato
[17:54:01] Coda di costruzione aggiornata
[17:54:01] 3 => 2
[17:54:01] MEsercito::addOne();
[17:54:01] \$numeroTruppe = 0
[17:54:01] Aggiungo la truppa all'esercito dell'utente admin
[17:54:01] Risorse aggiornate correttamente
[17:54:01] Limite dei magazzini e dei granai rispettato
[17:55:01] Coda di costruzione aggiornata
[17:55:01] 3 => 2
[17:55:01] MEsercito::addOne();
[17:55:01] \$numeroTruppe = 0
[17:55:01] Aggiungo la truppa all'esercito dell'utente admin
[17:55:01] Risorse aggiornate correttamente
[17:55:01] Limite dei magazzini e dei granai rispettato
[17:56:01] 3 => 2
[17:56:01] MEsercito::addOne();
[17:56:01] \$numeroTruppe = 0
[17:56:01] Aggiungo la truppa all'esercito dell'utente admin
[17:56:01] Coda di costruzione aggiornata
[17:56:01] Risorse aggiornate correttamente
[17:56:01] Limite dei magazzini e dei granai rispettato
[17:57:01] Coda di costruzione aggiornata
[17:57:01] 3 => 2
[17:57:01] MEsercito::addOne();
[17:57:01] \$numeroTruppe = 0
[17:57:01] Aggiungo la truppa all'esercito dell'utente admin
[17:57:01] Risorse aggiornate correttamente
[17:57:01] Limite dei magazzini e dei granai rispettato
[17:58:01] 3 => 2
[17:58:01] MEsercito::addOne();
[17:58:01] Coda di costruzione aggiornata
[17:58:01] \$numeroTruppe = 0
[17:58:01] Aggiungo la truppa all'esercito dell'utente admin
[17:58:01] Risorse aggiornate correttamente
[17:58:01] Limite dei magazzini e dei granai rispettato
[17:59:01] Coda di costruzione aggiornata
[17:59:01] 3 => 2
[17:59:01] MEsercito::addOne();
[17:59:01] \$numeroTruppe = 0
[17:59:01] Aggiungo la truppa all'esercito dell'utente admin
[17:59:01] Risorse aggiornate correttamente
[17:59:01] Limite dei magazzini e dei granai rispettato
